<?xml version="1.0" encoding="UTF-8"?>
<testng-results skipped="0" failed="0" ignored="0" total="1" passed="1">
  <reporter-output>
  </reporter-output>
  <suite name="Default suite" duration-ms="44927" started-at="2020-10-15T00:03:51Z" finished-at="2020-10-15T00:04:36Z">
    <groups>
    </groups>
    <test name="Default test" duration-ms="44927" started-at="2020-10-15T00:03:51Z" finished-at="2020-10-15T00:04:36Z">
      <class name="testTask.Webautomation">
        <test-method status="PASS" signature="initialize()[pri:0, instance:testTask.Webautomation@482f8f11]" name="initialize" is-config="true" duration-ms="26411" started-at="2020-10-15T00:03:51Z" finished-at="2020-10-15T00:04:17Z">
          <reporter-output>
          </reporter-output>
        </test-method> <!-- initialize -->
        <test-method status="PASS" signature="careers()[pri:1, instance:testTask.Webautomation@482f8f11]" name="careers" duration-ms="17051" started-at="2020-10-15T00:04:17Z" finished-at="2020-10-15T00:04:34Z">
          <reporter-output>
          </reporter-output>
        </test-method> <!-- careers -->
        <test-method status="PASS" signature="terminate()[pri:0, instance:testTask.Webautomation@482f8f11]" name="terminate" is-config="true" duration-ms="1414" started-at="2020-10-15T00:04:34Z" finished-at="2020-10-15T00:04:36Z">
          <reporter-output>
          </reporter-output>
        </test-method> <!-- terminate -->
      </class> <!-- testTask.Webautomation -->
    </test> <!-- Default test -->
  </suite> <!-- Default suite -->
</testng-results>
